生成启动时间为 2/20/2025 9:26:37 AM。
项目“E:\repos\15puzzle-funcode\Puzzle\SourceCode\VCProject2010\VCProject2010\VCProject2010.vcxproj”在节点 2 上(rebuild 个目标)。
InitializeBuildStatus:
  正在对“Debug\VCProject2010.unsuccessfulbuild”执行 Touch 任务。
ClCompile:
  C:\Program Files (x86)\Microsoft Visual Studio 10.0\VC\bin\CL.exe /c /I../../Header /ZI /nologo /W3 /WX- /Od /Oy- /D WIN32 /D _DEBUG /D _WINDOWS /Gm /EHsc /RTC1 /MDd /GS /fp:precise /Zc:wchar_t /Zc:forScope /Fo"Debug\\" /Fd"Debug\vc100.pdb" /Gd /TP /analyze- /errorReport:prompt ..\..\Src\LessonX.cpp ..\..\Src\Main.cpp
  Main.cpp
e:\repos\15puzzle-funcode\puzzle\sourcecode\src\main.cpp : warning C4819: 该文件包含不能在当前代码页(936)中表示的字符。请将该文件保存为 Unicode 格式以防止数据丢失
  LessonX.cpp
  正在生成代码...
ResourceCompile:
  C:\Program Files (x86)\Microsoft SDKs\Windows\v7.0A\bin\rc.exe /l"0x0409" /nologo /fo"Debug\VCTemplate.res" VCTemplate.rc 
Link:
  C:\Program Files (x86)\Microsoft Visual Studio 10.0\VC\bin\link.exe /ERRORREPORT:PROMPT /OUT:"..\..\..\Bin\Game.exe" /INCREMENTAL:NO /NOLOGO Winmm.lib ..\..\Src\CommonClass_2010.Lib kernel32.lib user32.lib gdi32.lib winspool.lib comdlg32.lib advapi32.lib shell32.lib ole32.lib oleaut32.lib uuid.lib odbc32.lib odbccp32.lib /MANIFEST:NO /DEBUG /PDB:"Debug\Game.pdb" /SUBSYSTEM:WINDOWS /TLBID:1 /DYNAMICBASE /NXCOMPAT /IMPLIB:"..\..\..\Bin\Game.lib" /MACHINE:X86 Debug\VCTemplate.res
  Debug\LessonX.obj
  Debug\Main.obj
LessonX.obj : warning LNK4075: 忽略“/EDITANDCONTINUE”(由于“/INCREMENTAL:NO”规范)
LINK : warning LNK4098: 默认库“LIBCMT”与其他库的使用冲突；请使用 /NODEFAULTLIB:library
Main.obj : error LNK2019: 无法解析的外部符号 "public: void __thiscall CGameMain::OnMouseClick(int,float,float)" (?OnMouseClick@CGameMain@@QAEXHMM@Z)，该符号在函数 "public: static void __cdecl CSystem::OnMouseClick(int,float,float)" (?OnMouseClick@CSystem@@SAXHMM@Z) 中被引用
..\..\..\Bin\Game.exe : fatal error LNK1120: 1 个无法解析的外部命令
已完成生成项目“E:\repos\15puzzle-funcode\Puzzle\SourceCode\VCProject2010\VCProject2010\VCProject2010.vcxproj”(rebuild 个目标)的操作 - 失败。

生成失败。

已用时间 00:00:03.07
